#
# There is insufficient memory for the Java Runtime Environment to continue.
# Native memory allocation (malloc) failed to allocate 32784 bytes for Chunk::new
# Possible reasons:
#   The system is out of physical RAM or swap space
#   In 32 bit mode, the process size limit was hit
# Possible solutions:
#   Reduce memory load on the system
#   Increase physical memory or swap space
#   Check if swap backing store is full
#   Use 64 bit Java on a 64 bit OS
#   Decrease Java heap size (-Xmx/-Xms)
#   Decrease number of Java threads
#   Decrease Java thread stack sizes (-Xss)
#   Set larger code cache with -XX:ReservedCodeCacheSize=
# This output file may be truncated or incomplete.
#
#  Out of Memory Error (allocation.cpp:390), pid=3532, tid=932
#
# JRE version: Java(TM) SE Runtime Environment (8.0_91-b15) (build 1.8.0_91-b15)
# Java VM: Java HotSpot(TM) 64-Bit Server VM (25.91-b15 mixed mode windows-amd64 compressed oops)
# Failed to write core dump. Minidumps are not enabled by default on client versions of Windows
#

---------------  T H R E A D  ---------------

Current thread (0x000000001e0e1000):  JavaThread "C2 CompilerThread0" daemon [_thread_in_native, id=932, stack(0x000000001e830000,0x000000001e930000)]

Stack: [0x000000001e830000,0x000000001e930000]
[error occurred during error reporting (printing stack bounds), id 0xc0000005]

Native frames: (J=compiled Java code, j=interpreted, Vv=VM code, C=native code)


Current CompileTask:
C2:  19336 2329       4       com.android.dx.dex.cf.CfTranslator::translate0 (259 bytes)


---------------  P R O C E S S  ---------------

Java Threads: ( => current thread )
  0x000000001e442000 JavaThread "pool-2-thread-4" [_thread_in_Java, id=17044, stack(0x000000001fa30000,0x000000001fb30000)]
  0x000000001e43f000 JavaThread "pool-2-thread-3" [_thread_blocked, id=14496, stack(0x000000001f930000,0x000000001fa30000)]
  0x000000001e3f0000 JavaThread "pool-2-thread-2" [_thread_blocked, id=4448, stack(0x000000001f830000,0x000000001f930000)]
  0x000000001e3ef000 JavaThread "pool-3-thread-1" [_thread_blocked, id=11048, stack(0x000000001f730000,0x000000001f830000)]
  0x000000001e3ee800 JavaThread "pool-2-thread-1" [_thread_blocked, id=5612, stack(0x000000001f630000,0x000000001f730000)]
  0x000000001e141000 JavaThread "Service Thread" daemon [_thread_blocked, id=10228, stack(0x000000001ec30000,0x000000001ed30000)]
  0x000000001e139000 JavaThread "C1 CompilerThread3" daemon [_thread_blocked, id=13504, stack(0x000000001eb30000,0x000000001ec30000)]
  0x000000001e136000 JavaThread "C2 CompilerThread2" daemon [_thread_blocked, id=6772, stack(0x000000001ea30000,0x000000001eb30000)]
  0x000000001e132000 JavaThread "C2 CompilerThread1" daemon [_thread_blocked, id=4060, stack(0x000000001e930000,0x000000001ea30000)]
=>0x000000001e0e1000 JavaThread "C2 CompilerThread0" daemon [_thread_in_native, id=932, stack(0x000000001e830000,0x000000001e930000)]
  0x000000001e0e0800 JavaThread "Attach Listener" daemon [_thread_blocked, id=14892, stack(0x000000001e730000,0x000000001e830000)]
  0x000000001e08c800 JavaThread "Signal Dispatcher" daemon [_thread_blocked, id=14216, stack(0x000000001e630000,0x000000001e730000)]
  0x000000001e070800 JavaThread "Finalizer" daemon [_thread_blocked, id=14348, stack(0x000000001e450000,0x000000001e550000)]
  0x0000000002604000 JavaThread "Reference Handler" daemon [_thread_blocked, id=11920, stack(0x000000001df50000,0x000000001e050000)]
  0x0000000002512800 JavaThread "main" [_thread_in_Java, id=7436, stack(0x00000000020f0000,0x00000000021f0000)]

Other Threads:
  0x000000001c179800 VMThread [stack: 0x000000001de50000,0x000000001df50000] [id=7724]
  0x000000001e1c7000 WatcherThread [stack: 0x000000001ed30000,0x000000001ee30000] [id=7764]

VM state:not at safepoint (normal execution)

VM Mutex/Monitor currently owned by a thread: None

Heap:
 PSYoungGen      total 141824K, used 93508K [0x000000076ab00000, 0x000000077c000000, 0x00000007c0000000)
  eden space 131072K, 63% used [0x000000076ab00000,0x000000076fbd6b68,0x0000000772b00000)
  from space 10752K, 99% used [0x0000000772b00000,0x000000077357a620,0x0000000773580000)
  to   space 10752K, 0% used [0x000000077b580000,0x000000077b580000,0x000000077c000000)
 ParOldGen       total 175104K, used 31144K [0x00000006c0000000, 0x00000006cab00000, 0x000000076ab00000)
  object space 175104K, 17% used [0x00000006c0000000,0x00000006c1e6a340,0x00000006cab00000)
 Metaspace       used 6597K, capacity 7256K, committed 7424K, reserved 1056768K
  class space    used 629K, capacity 656K, committed 768K, reserved 1048576K

Card table byte_map: [0x00000000119d0000,0x00000000121e0000] byte_map_base: 0x000000000e3d0000

Marking Bits: (ParMarkBitMap*) 0x000000006f762f70
 Begin Bits: [0x0000000012f40000, 0x0000000016f40000)
 End Bits:   [0x0000000016f40000, 0x000000001af40000)

Polling page: 0x0000000000840000

CodeCache: size=245760Kb used=11328Kb max_used=11345Kb free=234431Kb
 bounds [0x0000000002610000, 0x0000000003140000, 0x0000000011610000]
 total_blobs=2597 nmethods=2325 adapters=184
 compilation: enabled

Compilation events (10 events):
Event: 19.126 Thread 0x000000001e136000 nmethod 2385 0x0000000003122850 code [0x0000000003122a00, 0x00000000031233a8]
Event: 19.126 Thread 0x000000001e136000 2386       4       com.android.dx.ssa.Dominators$DfsWalker::<init> (6 bytes)
Event: 19.127 Thread 0x000000001e136000 nmethod 2386 0x0000000002ce6390 code [0x0000000002ce64c0, 0x0000000002ce6538]
Event: 19.131 Thread 0x000000001e136000 2387       4       com.android.dx.dex.cf.AttributeTranslator::getParameterAnnotations (69 bytes)
Event: 19.143 Thread 0x000000001e136000 nmethod 2387 0x000000000310c090 code [0x000000000310c220, 0x000000000310c818]
Event: 19.144 Thread 0x000000001e136000 2388       4       com.android.dx.dex.cf.AttributeTranslator::getMethodAnnotations (37 bytes)
Event: 19.275 Thread 0x000000001e132000 nmethod 2384 0x0000000003128c90 code [0x0000000003128f40, 0x000000000312bd88]
Event: 19.290 Thread 0x000000001e136000 nmethod 2388 0x000000000312f950 code [0x000000000312fc40, 0x0000000003131870]
Event: 19.294 Thread 0x000000001e132000 2389       4       com.android.dx.dex.file.EncodedMethod::<init> (68 bytes)
Event: 19.298 Thread 0x000000001e132000 nmethod 2389 0x0000000003120ad0 code [0x0000000003120c20, 0x0000000003120e18]

GC Heap History (6 events):
Event: 5.582 GC heap before
{Heap before GC invocations=1 (full 0):
 PSYoungGen      total 76288K, used 65536K [0x000000076ab00000, 0x0000000770000000, 0x00000007c0000000)
  eden space 65536K, 100% used [0x000000076ab00000,0x000000076eb00000,0x000000076eb00000)
  from space 10752K, 0% used [0x000000076f580000,0x000000076f580000,0x0000000770000000)
  to   space 10752K, 0% used [0x000000076eb00000,0x000000076eb00000,0x000000076f580000)
 ParOldGen       total 175104K, used 0K [0x00000006c0000000, 0x00000006cab00000, 0x000000076ab00000)
  object space 175104K, 0% used [0x00000006c0000000,0x00000006c0000000,0x00000006cab00000)
 Metaspace       used 6280K, capacity 7092K, committed 7296K, reserved 1056768K
  class space    used 606K, capacity 620K, committed 640K, reserved 1048576K
Event: 5.706 GC heap after
Heap after GC invocations=1 (full 0):
 PSYoungGen      total 76288K, used 10745K [0x000000076ab00000, 0x0000000774000000, 0x00000007c0000000)
  eden space 65536K, 0% used [0x000000076ab00000,0x000000076ab00000,0x000000076eb00000)
  from space 10752K, 99% used [0x000000076eb00000,0x000000076f57e760,0x000000076f580000)
  to   space 10752K, 0% used [0x0000000773580000,0x0000000773580000,0x0000000774000000)
 ParOldGen       total 175104K, used 136K [0x00000006c0000000, 0x00000006cab00000, 0x000000076ab00000)
  object space 175104K, 0% used [0x00000006c0000000,0x00000006c00221a0,0x00000006cab00000)
 Metaspace       used 6280K, capacity 7092K, committed 7296K, reserved 1056768K
  class space    used 606K, capacity 620K, committed 640K, reserved 1048576K
}
Event: 8.677 GC heap before
{Heap before GC invocations=2 (full 0):
 PSYoungGen      total 76288K, used 76281K [0x000000076ab00000, 0x0000000774000000, 0x00000007c0000000)
  eden space 65536K, 100% used [0x000000076ab00000,0x000000076eb00000,0x000000076eb00000)
  from space 10752K, 99% used [0x000000076eb00000,0x000000076f57e760,0x000000076f580000)
  to   space 10752K, 0% used [0x0000000773580000,0x0000000773580000,0x0000000774000000)
 ParOldGen       total 175104K, used 136K [0x00000006c0000000, 0x00000006cab00000, 0x000000076ab00000)
  object space 175104K, 0% used [0x00000006c0000000,0x00000006c00221a0,0x00000006cab00000)
 Metaspace       used 6374K, capacity 7158K, committed 7296K, reserved 1056768K
  class space    used 608K, capacity 622K, committed 640K, reserved 1048576K
Event: 8.969 GC heap after
Heap after GC invocations=2 (full 0):
 PSYoungGen      total 141824K, used 10726K [0x000000076ab00000, 0x0000000774000000, 0x00000007c0000000)
  eden space 131072K, 0% used [0x000000076ab00000,0x000000076ab00000,0x0000000772b00000)
  from space 10752K, 99% used [0x0000000773580000,0x0000000773ff9948,0x0000000774000000)
  to   space 10752K, 0% used [0x0000000772b00000,0x0000000772b00000,0x0000000773580000)
 ParOldGen       total 175104K, used 8421K [0x00000006c0000000, 0x00000006cab00000, 0x000000076ab00000)
  object space 175104K, 4% used [0x00000006c0000000,0x00000006c08396f0,0x00000006cab00000)
 Metaspace       used 6374K, capacity 7158K, committed 7296K, reserved 1056768K
  class space    used 608K, capacity 622K, committed 640K, reserved 1048576K
}
Event: 17.224 GC heap before
{Heap before GC invocations=3 (full 0):
 PSYoungGen      total 141824K, used 141798K [0x000000076ab00000, 0x0000000774000000, 0x00000007c0000000)
  eden space 131072K, 100% used [0x000000076ab00000,0x0000000772b00000,0x0000000772b00000)
  from space 10752K, 99% used [0x0000000773580000,0x0000000773ff9948,0x0000000774000000)
  to   space 10752K, 0% used [0x0000000772b00000,0x0000000772b00000,0x0000000773580000)
 ParOldGen       total 175104K, used 8421K [0x00000006c0000000, 0x00000006cab00000, 0x000000076ab00000)
  object space 175104K, 4% used [0x00000006c0000000,0x00000006c08396f0,0x00000006cab00000)
 Metaspace       used 6578K, capacity 7256K, committed 7424K, reserved 1056768K
  class space    used 629K, capacity 656K, committed 768K, reserved 1048576K
Event: 17.491 GC heap after
Heap after GC invocations=3 (full 0):
 PSYoungGen      total 141824K, used 10729K [0x000000076ab00000, 0x000000077c000000, 0x00000007c0000000)
  eden space 131072K, 0% used [0x000000076ab00000,0x000000076ab00000,0x0000000772b00000)
  from space 10752K, 99% used [0x0000000772b00000,0x000000077357a620,0x0000000773580000)
  to   space 10752K, 0% used [0x000000077b580000,0x000000077b580000,0x000000077c000000)
 ParOldGen       total 175104K, used 31144K [0x00000006c0000000, 0x00000006cab00000, 0x000000076ab00000)
  object space 175104K, 17% used [0x00000006c0000000,0x00000006c1e6a340,0x00000006cab00000)
 Metaspace       used 6578K, capacity 7256K, committed 7424K, reserved 1056768K
  class space    used 629K, capacity 656K, committed 768K, reserved 1048576K
}

Deoptimization events (10 events):
Event: 6.815 Thread 0x000000001e3f0000 Uncommon trap: reason=unstable_if action=reinterpret pc=0x0000000002c2fbec method=java.util.BitSet.clone()Ljava/lang/Object; @ 4
Event: 8.032 Thread 0x000000001e3ee800 Uncommon trap: reason=unstable_if action=reinterpret pc=0x00000000029d5b7c method=com.android.dx.rop.code.LocalItem.compareHandlesNulls(Lcom/android/dx/rop/cst/CstString;Lcom/android/dx/rop/cst/CstString;)I @ 8
Event: 8.206 Thread 0x000000001e3ee800 Uncommon trap: reason=unstable_if action=reinterpret pc=0x0000000002d04230 method=com.android.dx.ssa.SsaMethod.blockIndexToRopLabel(I)I @ 1
Event: 15.424 Thread 0x000000001e43f000 Uncommon trap: reason=bimorphic action=maybe_recompile pc=0x0000000002cdd334 method=com.android.dx.cf.code.RopperMachine.run(Lcom/android/dx/cf/code/Frame;II)V @ 988
Event: 15.528 Thread 0x000000001e3f0000 Uncommon trap: reason=class_check action=maybe_recompile pc=0x0000000002cdc8dc method=com.android.dx.cf.code.RopperMachine.run(Lcom/android/dx/cf/code/Frame;II)V @ 310
Event: 15.529 Thread 0x000000001e3f0000 Uncommon trap: reason=class_check action=maybe_recompile pc=0x0000000002cdc8dc method=com.android.dx.cf.code.RopperMachine.run(Lcom/android/dx/cf/code/Frame;II)V @ 310
Event: 15.532 Thread 0x000000001e3f0000 Uncommon trap: reason=class_check action=maybe_recompile pc=0x0000000002cdc8dc method=com.android.dx.cf.code.RopperMachine.run(Lcom/android/dx/cf/code/Frame;II)V @ 310
Event: 16.891 Thread 0x000000001e442000 Uncommon trap: reason=unstable_if action=reinterpret pc=0x0000000002915b6c method=java.util.HashMap.putVal(ILjava/lang/Object;Ljava/lang/Object;ZZ)Ljava/lang/Object; @ 162
Event: 16.920 Thread 0x000000001e442000 Uncommon trap: reason=unstable_if action=reinterpret pc=0x0000000002fb800c method=com.android.dx.ssa.PhiTypeResolver.run()V @ 91
Event: 18.021 Thread 0x000000001e43f000 Uncommon trap: reason=unstable_if action=reinterpret pc=0x0000000002e13b38 method=com.android.dx.ssa.LocalVariableExtractor.processBlock(I)V @ 251

Internal exceptions (10 events):
Event: 3.612 Thread 0x000000001e442000 Implicit null exception at 0x000000000290a6bb to 0x000000000290bddd
Event: 6.370 Thread 0x000000001e3f0000 Implicit null exception at 0x0000000002aa25ab to 0x0000000002aa2761
Event: 6.371 Thread 0x000000001e3f0000 Implicit null exception at 0x0000000002bafed4 to 0x0000000002bb1471
Event: 6.371 Thread 0x000000001e3f0000 Implicit null exception at 0x0000000002bb88e8 to 0x0000000002bba251
Event: 6.372 Thread 0x000000001e3f0000 Implicit null exception at 0x0000000002cbd422 to 0x0000000002cbf385
Event: 6.494 Thread 0x000000001e43f000 Implicit null exception at 0x0000000002a12a62 to 0x0000000002a12b62
Event: 8.032 Thread 0x000000001e3ee800 Implicit null exception at 0x00000000029d5895 to 0x00000000029d5b51
Event: 16.902 Thread 0x000000001e442000 Exception <a 'java/lang/ArrayIndexOutOfBoundsException': 18> (0x000000077271e570) thrown at [C:\re\workspace\8-2-build-windows-amd64-cygwin\jdk8u91\7017\hotspot\src\share\vm\interpreter\interpreterRuntime.cpp, line 366]
Event: 16.903 Thread 0x000000001e442000 Exception <a 'java/lang/ArrayIndexOutOfBoundsException': 145> (0x00000007727200f0) thrown at [C:\re\workspace\8-2-build-windows-amd64-cygwin\jdk8u91\7017\hotspot\src\share\vm\interpreter\interpreterRuntime.cpp, line 366]
Event: 16.905 Thread 0x000000001e442000 Exception <a 'java/lang/ArrayIndexOutOfBoundsException'> (0x00000007727213d8) thrown at [C:\re\workspace\8-2-build-windows-amd64-cygwin\jdk8u91\7017\hotspot\src\share\vm\runtime\sharedRuntime.cpp, line 605]

Events (10 events):
Event: 18.021 Thread 0x000000001e43f000 DEOPT PACKING pc=0x0000000002e13b38 sp=0x000000001fa2e990
Event: 18.021 Thread 0x000000001e43f000 DEOPT UNPACKING pc=0x000000000265582a sp=0x000000001fa2e950 mode 2
Event: 18.074 Thread 0x000000001e3f0000 DEOPT PACKING pc=0x0000000002c38484 sp=0x000000001f92ef80
Event: 18.074 Thread 0x000000001e3f0000 DEOPT UNPACKING pc=0x000000000265787f sp=0x000000001f92ed60 mode 0
Event: 18.212 Thread 0x0000000002512800 DEOPT PACKING pc=0x0000000002cfc8d3 sp=0x00000000021ee560
Event: 18.212 Thread 0x0000000002512800 DEOPT UNPACKING pc=0x000000000265787f sp=0x00000000021ee370 mode 0
Event: 18.952 Thread 0x000000001e3f0000 DEOPT PACKING pc=0x0000000002c38484 sp=0x000000001f92ef80
Event: 18.952 Thread 0x000000001e3f0000 DEOPT UNPACKING pc=0x000000000265787f sp=0x000000001f92ed60 mode 0
Event: 19.085 loading class com/android/dx/ssa/Dominators$1
Event: 19.085 loading class com/android/dx/ssa/Dominators$1 done


Dynamic libraries:
0x00007ff6eb170000 - 0x00007ff6eb1a7000 	C:\Program Files\Java\jdk1.8.0_91\bin\java.exe
0x00007ffd8dde0000 - 0x00007ffd8df8d000 	C:\WINDOWS\SYSTEM32\ntdll.dll
0x00007ffd8b5f0000 - 0x00007ffd8b72e000 	C:\WINDOWS\system32\KERNEL32.DLL
0x00007ffd8b350000 - 0x00007ffd8b465000 	C:\WINDOWS\system32\KERNELBASE.dll
0x00007ffd89160000 - 0x00007ffd891ee000 	C:\WINDOWS\system32\apphelp.dll
0x00007ffd88880000 - 0x00007ffd888d3000 	C:\WINDOWS\AppPatch\AppPatch64\AcGenral.DLL
0x00007ffd8c080000 - 0x00007ffd8c12a000 	C:\WINDOWS\system32\msvcrt.dll
0x00007ffd8b320000 - 0x00007ffd8b34e000 	C:\WINDOWS\system32\SspiCli.dll
0x00007ffd8b9a0000 - 0x00007ffd8b9f4000 	C:\WINDOWS\system32\SHLWAPI.dll
0x00007ffd8bef0000 - 0x00007ffd8c067000 	C:\WINDOWS\system32\USER32.dll
0x00007ffd8bd50000 - 0x00007ffd8bee4000 	C:\WINDOWS\system32\ole32.dll
0x00007ffd8c130000 - 0x00007ffd8d65a000 	C:\WINDOWS\system32\SHELL32.dll
0x00007ffd8a610000 - 0x00007ffd8a631000 	C:\WINDOWS\SYSTEM32\USERENV.dll
0x00007ffd8dac0000 - 0x00007ffd8db6a000 	C:\WINDOWS\system32\ADVAPI32.dll
0x00007ffd88830000 - 0x00007ffd8884e000 	C:\WINDOWS\SYSTEM32\MPR.dll
0x00007ffd8b470000 - 0x00007ffd8b5b0000 	C:\WINDOWS\system32\RPCRT4.dll
0x00007ffd8ba60000 - 0x00007ffd8bab9000 	C:\WINDOWS\SYSTEM32\sechost.dll
0x00007ffd8bad0000 - 0x00007ffd8bce1000 	C:\WINDOWS\SYSTEM32\combase.dll
0x00007ffd8d950000 - 0x00007ffd8da9f000 	C:\WINDOWS\system32\GDI32.dll
0x00007ffd8af10000 - 0x00007ffd8af25000 	C:\WINDOWS\SYSTEM32\profapi.dll
0x00007ffd89770000 - 0x00007ffd89822000 	C:\WINDOWS\SYSTEM32\SHCORE.dll
0x00007ffd8b5b0000 - 0x00007ffd8b5e6000 	C:\WINDOWS\system32\IMM32.DLL
0x00007ffd8d7f0000 - 0x00007ffd8d942000 	C:\WINDOWS\system32\MSCTF.dll
0x00007ffd8aec0000 - 0x00007ffd8aef1000 	C:\WINDOWS\system32\nvinitx.dll
0x00007ffd8aeb0000 - 0x00007ffd8aeba000 	C:\WINDOWS\SYSTEM32\VERSION.dll
0x00007ffd892f0000 - 0x00007ffd8956b000 	C:\WINDOWS\WinSxS\amd64_microsoft.windows.common-controls_6595b64144ccf1df_6.0.9600.18006_none_623f33d3ecbe86e8\COMCTL32.dll
0x0000000072250000 - 0x0000000072322000 	C:\Program Files\Java\jdk1.8.0_91\jre\bin\msvcr100.dll
0x000000006ef50000 - 0x000000006f7e3000 	C:\Program Files\Java\jdk1.8.0_91\jre\bin\server\jvm.dll
0x00007ffd7d660000 - 0x00007ffd7d669000 	C:\WINDOWS\SYSTEM32\WSOCK32.dll
0x00007ffd888f0000 - 0x00007ffd88912000 	C:\WINDOWS\SYSTEM32\WINMM.dll
0x00007ffd8c070000 - 0x00007ffd8c077000 	C:\WINDOWS\system32\PSAPI.DLL
0x00007ffd8bcf0000 - 0x00007ffd8bd4a000 	C:\WINDOWS\system32\WS2_32.dll
0x00007ffd88850000 - 0x00007ffd8887a000 	C:\WINDOWS\SYSTEM32\WINMMBASE.dll
0x00007ffd8dab0000 - 0x00007ffd8dab9000 	C:\WINDOWS\system32\NSI.dll
0x00007ffd8b220000 - 0x00007ffd8b26f000 	C:\WINDOWS\SYSTEM32\cfgmgr32.dll
0x00007ffd89cc0000 - 0x00007ffd89ce8000 	C:\WINDOWS\SYSTEM32\DEVOBJ.dll
0x0000000076600000 - 0x000000007660f000 	C:\Program Files\Java\jdk1.8.0_91\jre\bin\verify.dll
0x00000000765d0000 - 0x00000000765f9000 	C:\Program Files\Java\jdk1.8.0_91\jre\bin\java.dll
0x00000000765b0000 - 0x00000000765c6000 	C:\Program Files\Java\jdk1.8.0_91\jre\bin\zip.dll

VM Arguments:
jvm_args: -Djava.awt.headless=true -Xmx4g -Dfile.encoding=GBK -Duser.country=US -Duser.language=en -Duser.variant 
java_command: com.android.dx.command.Main --dex --force-jumbo --num-threads=4 --multi-dex --output D:\User\shi\git\AndroidR7\NMBS\build\intermediates\transforms\dex\dev\debug\folders\1000\2\guava-r09_1268ffcbc52c584c7a9fbdf1774094ef4e1c424d D:\User\shi\git\AndroidR7\NMBS\libs\guava-r09.jar
java_class_path (initial): D:\GoogleIDE\GoogleIDE\adt-bundle-windows-x86_64\sdk\build-tools\24.0.1\lib\dx.jar
Launcher Type: SUN_STANDARD

Environment Variables:
JAVA_HOME=C:\Program Files\Java\jdk1.7.0_21
PATH=C:\ProgramData\Oracle\Java\javapath;C:\WINDOWS\system32;C:\WINDOWS;C:\WINDOWS\System32\Wbem;C:\WINDOWS\System32\WindowsPowerShell\v1.0\;C:\Program Files\Microsoft SQL Server\110\DTS\Binn\;C:\Program Files (x86)\Microsoft SQL Server\110\Tools\Binn\;C:\Program Files\Microsoft SQL Server\110\Tools\Binn\;C:\Program Files (x86)\Microsoft SQL Server\110\Tools\Binn\ManagementStudio\;C:\Program Files (x86)\Microsoft Visual Studio 10.0\Common7\IDE\PrivateAssemblies\;C:\Program Files (x86)\Microsoft SQL Server\110\DTS\Binn\;C:\Program Files (x86)\Windows Kits\8.1\Windows Performance Toolkit\;c:\Program Files\Intel\WiFi\bin\;c:\Program Files\Common Files\Intel\WirelessCommon\;C:\Program Files\Java\jdk1.7.0_21\bin;C:\Program Files\Java\jdk1.7.0_21\jre\bin;C:\Program Files (x86)\Skype\Phone\;c:\Program Files\Intel\WiFi\bin\;c:\Program Files\Common Files\Intel\WirelessCommon\
USERNAME=shig
OS=Windows_NT
PROCESSOR_IDENTIFIER=Intel64 Family 6 Model 60 Stepping 3, GenuineIntel



---------------  S Y S T E M  ---------------

OS: Windows 8.1 , 64 bit Build 9600 (6.3.9600.17415)

CPU:total 8 (4 cores per cpu, 2 threads per core) family 6 model 60 stepping 3, cmov, cx8, fxsr, mmx, sse, sse2, sse3, ssse3, sse4.1, sse4.2, popcnt, avx, avx2, aes, clmul, erms, lzcnt, ht, tsc, tscinvbit, bmi1, bmi2

Memory: 4k page, physical 16690284k(2432448k free), swap 19836012k(5172k free)

vm_info: Java HotSpot(TM) 64-Bit Server VM (25.91-b15) for windows-amd64 JRE (1.8.0_91-b15), built on May 20 2016 17:43:15 by "java_re" with MS VC++ 10.0 (VS2010)

time: Tue Sep 06 16:39:06 2016
elapsed time: 19 seconds (0d 0h 0m 19s)

